<?xml version="1.0" encoding="UTF-8"?>
<!-- Generated by org.testng.reporters.JUnitReportReporter -->
<testsuite hostname="Mahbub" failures="0" tests="1" name="com.cucumber.test.CucumberRun" time="7.717" errors="0" timestamp="2022-12-12T19:26:33 EST" skipped="0">
  <testcase classname="com.cucumber.test.CucumberRun" name="runScenario" time="7.717"/>
  <system-out/>
</testsuite> <!-- com.cucumber.test.CucumberRun -->
