<?xml version="1.0" encoding="UTF-8"?>
<!-- Generated by org.testng.reporters.JUnitReportReporter -->
<testsuite hostname="Mahbub" failures="0" tests="1" name="com.cucumber.test.CucumberRun$CucumberRunner" time="0.000" errors="0" timestamp="2022-12-11T14:11:31 EST" skipped="1">
  <testcase classname="com.cucumber.test.CucumberRun$CucumberRunner" name="runScenario" time="0.000">
    <skipped/>
  </testcase> <!-- runScenario -->
  <system-out/>
</testsuite> <!-- com.cucumber.test.CucumberRun$CucumberRunner -->
