<?xml version="1.0" encoding="UTF-8"?>
<!-- Generated by org.testng.reporters.JUnitReportReporter -->
<testsuite hostname="Mahbub" failures="0" tests="1" name="com.testngtest.AllAnotationtest" time="0.007" errors="0" timestamp="2022-12-17T12:13:19 EST" skipped="0">
  <testcase classname="com.testngtest.AllAnotationtest" name="getsalary" time="0.007"/>
  <system-out/>
</testsuite> <!-- com.testngtest.AllAnotationtest -->
