<?xml version="1.0" encoding="UTF-8"?>
<!-- Generated by org.testng.reporters.JUnitReportReporter -->
<testsuite hostname="Mahbub" failures="0" tests="3" name="com.testngtest.TestngPractice" time="0.003" errors="0" timestamp="2022-12-17T12:13:19 EST" skipped="1">
  <testcase classname="com.testngtest.TestngPractice" name="getLogin" time="0.001"/>
  <system-out/>
  <testcase classname="com.testngtest.TestngPractice" name="getProduct" time="0.002"/>
  <system-out/>
  <testcase classname="com.testngtest.TestngPractice" name="getCartFunction">
    <skipped/>
  </testcase> <!-- getCartFunction -->
  <system-out/>
</testsuite> <!-- com.testngtest.TestngPractice -->
